<?xml version="1.0" encoding="UTF-8"?>
<!-- Generated by org.testng.reporters.JUnitXMLReporter -->
<testsuite hostname="DESKTOP-2MOAC36" name="Hub Spot Functional Regression Test" tests="6" failures="1" timestamp="15 Aug 2020 10:01:50 GMT" time="41.43" errors="0">
  <testcase name="verifyLoginPageTitleTest" time="5.023" classname="com.qa.hubspot.tests.LoginPageTest"/>
  <testcase name="verifyHomePageTitleTest" time="0.018" classname="com.qa.hubspot.tests.HomePageTest">
    <failure type="java.lang.AssertionError" message="expected [HubSpot Login] but found [Reports dashboard]">
      <![CDATA[java.lang.AssertionError: expected [HubSpot Login] but found [Reports dashboard]
	at com.qa.hubspot.tests.HomePageTest.verifyHomePageTitleTest(HomePageTest.java:44)
... Removed 29 stack frames]]>
    </failure>
  </testcase> <!-- verifyHomePageTitleTest -->
  <testcase name="verifySignUpLink" time="0.199" classname="com.qa.hubspot.tests.LoginPageTest"/>
  <testcase name="verifyAccountHolder" time="0.075" classname="com.qa.hubspot.tests.HomePageTest"/>
  <testcase name="verifyHomeHeader" time="0.07" classname="com.qa.hubspot.tests.HomePageTest"/>
  <testcase name="loginTest" time="5.901" classname="com.qa.hubspot.tests.LoginPageTest"/>
</testsuite> <!-- Hub Spot Functional Regression Test -->
