<?xml version="1.0" encoding="UTF-8"?>
<!-- Generated by org.testng.reporters.JUnitXMLReporter -->
<testsuite hostname="DESKTOP-2MOAC36" name="Default test" tests="3" failures="0" timestamp="15 Aug 2020 10:09:41 GMT" time="24.474" errors="0">
  <testcase name="verifyHomePageTitleTest" time="0.107" classname="com.qa.hubspot.tests.HomePageTest"/>
  <testcase name="verifyAccountHolder" time="4.324" classname="com.qa.hubspot.tests.HomePageTest"/>
  <testcase name="verifyHomeHeader" time="0.64" classname="com.qa.hubspot.tests.HomePageTest"/>
</testsuite> <!-- Default test -->
