<?xml version="1.0" encoding="UTF-8"?>
<testng-results skipped="0" failed="0" total="3" passed="3">
  <reporter-output>
  </reporter-output>
  <suite name="Default suite" duration-ms="24474" started-at="2020-08-15T10:09:16Z" finished-at="2020-08-15T10:09:41Z">
    <groups>
    </groups>
    <test name="Default test" duration-ms="24474" started-at="2020-08-15T10:09:16Z" finished-at="2020-08-15T10:09:41Z">
      <class name="com.qa.hubspot.tests.HomePageTest">
        <test-method status="PASS" signature="setUp()[pri:0, instance:com.qa.hubspot.tests.HomePageTest@c038203]" name="setUp" is-config="true" duration-ms="18628" started-at="2020-08-15T15:39:16Z" finished-at="2020-08-15T15:39:35Z">
          <reporter-output>
          </reporter-output>
        </test-method> <!-- setUp -->
        <test-method status="PASS" signature="verifyHomePageTitleTest()[pri:0, instance:com.qa.hubspot.tests.HomePageTest@c038203]" name="verifyHomePageTitleTest" duration-ms="107" started-at="2020-08-15T15:39:35Z" finished-at="2020-08-15T15:39:35Z">
          <reporter-output>
          </reporter-output>
        </test-method> <!-- verifyHomePageTitleTest -->
        <test-method status="PASS" signature="verifyAccountHolder()[pri:0, instance:com.qa.hubspot.tests.HomePageTest@c038203]" name="verifyAccountHolder" duration-ms="4324" started-at="2020-08-15T15:39:35Z" finished-at="2020-08-15T15:39:39Z">
          <reporter-output>
          </reporter-output>
        </test-method> <!-- verifyAccountHolder -->
        <test-method status="PASS" signature="verifyHomeHeader()[pri:0, instance:com.qa.hubspot.tests.HomePageTest@c038203]" name="verifyHomeHeader" duration-ms="640" started-at="2020-08-15T15:39:39Z" finished-at="2020-08-15T15:39:40Z">
          <reporter-output>
          </reporter-output>
        </test-method> <!-- verifyHomeHeader -->
        <test-method status="PASS" signature="tearDown()[pri:0, instance:com.qa.hubspot.tests.HomePageTest@c038203]" name="tearDown" is-config="true" duration-ms="733" started-at="2020-08-15T15:39:40Z" finished-at="2020-08-15T15:39:41Z">
          <reporter-output>
          </reporter-output>
        </test-method> <!-- tearDown -->
      </class> <!-- com.qa.hubspot.tests.HomePageTest -->
    </test> <!-- Default test -->
  </suite> <!-- Default suite -->
</testng-results>
